<?xml version="1.0" encoding="UTF-8"?>
<testsuite xmlns:xsi="http://www.w3.org/2001/XMLSchema-instance" xsi:noNamespaceSchemaLocation="https://maven.apache.org/surefire/maven-surefire-plugin/xsd/surefire-test-report-3.0.xsd" version="3.0" name="CENG453.group18.repository.GameRepositoryTest" time="3.634" tests="3" errors="0" skipped="0" failures="0">
  <properties>
[...]
</properties>
  <testcase name="deleteUsers" classname="CENG453.group18.repository.GameRepositoryTest" time="0.41">
    <system-out><![CDATA[2024-01-09T17:35:39.967+03:00  INFO 1324 --- [           main] t.c.s.AnnotationConfigContextLoaderUtils : Could not detect default configuration classes for test class [CENG453.group18.repository.GameRepositoryTest]: GameRepositoryTest does not declare any static, non-private, non-final, nested classes annotated with @Configuration.
2024-01-09T17:35:40.050+03:00  INFO 1324 --- [           main] .b.t.c.SpringBootTestContextBootstrapper : Found @SpringBootConfiguration CENG453.group18.AppApplication for test class CENG453.group18.repository.GameRepositoryTest

  .   ____          _            __ _ _
 /\\ / ___'_ __ _ _(_)_ __  __ _ \ \ \ \
( ( )\___ | '_ | '_| | '_ \/ _` | \ \ \ \
 \\/  ___)| |_)| | | | | || (_| |  ) ) ) )
  '  |____| .__|_| |_|_| |_\__, | / / / /
 =========|_|==============|___/=/_/_/_/
 :: Spring Boot ::                (v3.1.5)

2024-01-09T17:35:40.167+03:00  INFO 1324 --- [           main] C.group18.repository.GameRepositoryTest  : Starting GameRepositoryTest using Java 20.0.2 with PID 1324 (started by msi in C:\Users\msi\Desktop\Demo\CENG453_20231_Group18_backend)
2024-01-09T17:35:40.168+03:00  INFO 1324 --- [           main] C.group18.repository.GameRepositoryTest  : No active profile set, falling back to 1 default profile: "default"
2024-01-09T17:35:40.478+03:00  INFO 1324 --- [           main] .s.d.r.c.RepositoryConfigurationDelegate : Bootstrapping Spring Data JPA repositories in DEFAULT mode.
2024-01-09T17:35:40.508+03:00  INFO 1324 --- [           main] .s.d.r.c.RepositoryConfigurationDelegate : Finished Spring Data repository scanning in 29 ms. Found 4 JPA repository interfaces.
2024-01-09T17:35:40.739+03:00  INFO 1324 --- [           main] o.hibernate.jpa.internal.util.LogHelper  : HHH000204: Processing PersistenceUnitInfo [name: default]
2024-01-09T17:35:40.758+03:00  INFO 1324 --- [           main] o.s.o.j.p.SpringPersistenceUnitInfo      : No LoadTimeWeaver setup: ignoring JPA class transformer
2024-01-09T17:35:40.764+03:00  INFO 1324 --- [           main] com.zaxxer.hikari.HikariDataSource       : HikariPool-2 - Starting...
2024-01-09T17:35:40.798+03:00  INFO 1324 --- [           main] com.zaxxer.hikari.pool.HikariPool        : HikariPool-2 - Added connection org.mariadb.jdbc.Connection@5a75bad4
2024-01-09T17:35:40.799+03:00  INFO 1324 --- [           main] com.zaxxer.hikari.HikariDataSource       : HikariPool-2 - Start completed.
2024-01-09T17:35:41.279+03:00  INFO 1324 --- [           main] o.h.e.t.j.p.i.JtaPlatformInitiator       : HHH000489: No JTA platform available (set 'hibernate.transaction.jta.platform' to enable JTA platform integration)
Hibernate: alter table if exists game add constraint FKo8i8e3a54adhnbpw9wdlq9rj4 foreign key (gameboard_id) references gameboard (id)
Hibernate: alter table if exists gameboard_roads add constraint FKa7fgmcliciwrwu3wcpnnoqycp foreign key (roads_roadid) references road (roadid)
Hibernate: alter table if exists gameboard_roads add constraint FKfnip44tth0gkwmuxvoy2xlsh8 foreign key (game_board_id) references gameboard (id)
Hibernate: alter table if exists gameboard_settlements add constraint FK2f9a1wassgk798ebhj312er0y foreign key (settlements_settlementid) references settlement (settlementid)
Hibernate: alter table if exists gameboard_settlements add constraint FKi8k8c4r32lbk0d6sor8p9sd4y foreign key (game_board_id) references gameboard (id)
Hibernate: alter table if exists gameboard_tiles add constraint FK455r9dt94dx5pqoylvtmos2ee foreign key (tiles_tileid) references tile (tileid)
Hibernate: alter table if exists gameboard_tiles add constraint FKn72qmh14shuwbvxxabhf8yg05 foreign key (game_board_id) references gameboard (id)
Hibernate: alter table if exists road add constraint FKp9s5nqk2w07a65bs27n2qi2il foreign key (game_board_id) references gameboard (id)
Hibernate: alter table if exists score add constraint FK7fnyc71v3bhevmxexy2fwx695 foreign key (player_id) references player (playerid)
Hibernate: alter table if exists settlement add constraint FKl30gfw1mbbdds0ou90jyl1aax foreign key (game_board_id) references gameboard (id)
Hibernate: alter table if exists tile add constraint FKsqgmpc7ebp3a0y4v91nqfrlve foreign key (game_board_id) references gameboard (id)
2024-01-09T17:35:41.810+03:00  INFO 1324 --- [           main] j.LocalContainerEntityManagerFactoryBean : Initialized JPA EntityManagerFactory for persistence unit 'default'
2024-01-09T17:35:42.077+03:00  INFO 1324 --- [           main] C.group18.repository.GameRepositoryTest  : Started GameRepositoryTest in 2.016 seconds (process running for 10.36)
Hibernate: select p1_0.playerid,p1_0.email,p1_0.password,p1_0.reset_key,p1_0.session_key,p1_0.username from player p1_0 where p1_0.username=?
]]></system-out>
  </testcase>
  <testcase name="registerGameHost" classname="CENG453.group18.repository.GameRepositoryTest" time="0.122">
    <system-out><![CDATA[Hibernate: insert into player (email,password,reset_key,session_key,username) values (?,?,?,?,?)
]]></system-out>
  </testcase>
  <testcase name="testAllIDMethods" classname="CENG453.group18.repository.GameRepositoryTest" time="0.948">
    <system-out><![CDATA[Hibernate: insert into gameboard values ( )
Hibernate: insert into road (edge_index,game_board_id,player_no) values (?,?,?)
Hibernate: insert into settlement (node_index,game_board_id,player_no,settlement_level) values (?,?,?,?)
Hibernate: insert into road (edge_index,game_board_id,player_no) values (?,?,?)
Hibernate: insert into settlement (node_index,game_board_id,player_no,settlement_level) values (?,?,?,?)
Hibernate: insert into road (edge_index,game_board_id,player_no) values (?,?,?)
Hibernate: insert into settlement (node_index,game_board_id,player_no,settlement_level) values (?,?,?,?)
Hibernate: insert into road (edge_index,game_board_id,player_no) values (?,?,?)
Hibernate: insert into settlement (node_index,game_board_id,player_no,settlement_level) values (?,?,?,?)
Hibernate: insert into tile (game_board_id,tile_index,tile_number,tile_type) values (?,?,?,?)
Hibernate: insert into tile (game_board_id,tile_index,tile_number,tile_type) values (?,?,?,?)
Hibernate: insert into tile (game_board_id,tile_index,tile_number,tile_type) values (?,?,?,?)
Hibernate: insert into tile (game_board_id,tile_index,tile_number,tile_type) values (?,?,?,?)
Hibernate: insert into tile (game_board_id,tile_index,tile_number,tile_type) values (?,?,?,?)
Hibernate: insert into tile (game_board_id,tile_index,tile_number,tile_type) values (?,?,?,?)
Hibernate: insert into tile (game_board_id,tile_index,tile_number,tile_type) values (?,?,?,?)
Hibernate: insert into tile (game_board_id,tile_index,tile_number,tile_type) values (?,?,?,?)
Hibernate: insert into tile (game_board_id,tile_index,tile_number,tile_type) values (?,?,?,?)
Hibernate: insert into tile (game_board_id,tile_index,tile_number,tile_type) values (?,?,?,?)
Hibernate: insert into tile (game_board_id,tile_index,tile_number,tile_type) values (?,?,?,?)
Hibernate: insert into tile (game_board_id,tile_index,tile_number,tile_type) values (?,?,?,?)
Hibernate: insert into tile (game_board_id,tile_index,tile_number,tile_type) values (?,?,?,?)
Hibernate: insert into tile (game_board_id,tile_index,tile_number,tile_type) values (?,?,?,?)
Hibernate: insert into tile (game_board_id,tile_index,tile_number,tile_type) values (?,?,?,?)
Hibernate: insert into tile (game_board_id,tile_index,tile_number,tile_type) values (?,?,?,?)
Hibernate: insert into tile (game_board_id,tile_index,tile_number,tile_type) values (?,?,?,?)
Hibernate: insert into tile (game_board_id,tile_index,tile_number,tile_type) values (?,?,?,?)
Hibernate: insert into tile (game_board_id,tile_index,tile_number,tile_type) values (?,?,?,?)
Hibernate: insert into game (current_dice1,current_dice2,current_longest_road_length,current_longest_road_owner_player_no,dice_rolled,game_type,gameboard_id,longest_road_bonus_active,player1,`player1-score`,player2,`player2-score`,player3,`player3-score`,player4,`player4-score`,turn) values (?,?,?,?,?,?,?,?,?,?,?,?,?,?,?,?,?)
Hibernate: insert into player_card_deck values ( )
Hibernate: insert into card (count,card_type) values (?,?)
Hibernate: insert into card (count,card_type) values (?,?)
Hibernate: insert into card (count,card_type) values (?,?)
Hibernate: insert into card (count,card_type) values (?,?)
Hibernate: insert into card (count,card_type) values (?,?)
Hibernate: insert into player_card_deck values ( )
Hibernate: insert into card (count,card_type) values (?,?)
Hibernate: insert into card (count,card_type) values (?,?)
Hibernate: insert into card (count,card_type) values (?,?)
Hibernate: insert into card (count,card_type) values (?,?)
Hibernate: insert into card (count,card_type) values (?,?)
Hibernate: insert into player_card_deck values ( )
Hibernate: insert into card (count,card_type) values (?,?)
Hibernate: insert into card (count,card_type) values (?,?)
Hibernate: insert into card (count,card_type) values (?,?)
Hibernate: insert into card (count,card_type) values (?,?)
Hibernate: insert into card (count,card_type) values (?,?)
Hibernate: insert into player_card_deck values ( )
Hibernate: insert into card (count,card_type) values (?,?)
Hibernate: insert into card (count,card_type) values (?,?)
Hibernate: insert into card (count,card_type) values (?,?)
Hibernate: insert into card (count,card_type) values (?,?)
Hibernate: insert into card (count,card_type) values (?,?)
51
Hibernate: select g1_0.gameid,g1_0.current_dice1,g1_0.current_dice2,g1_0.current_longest_road_length,g1_0.current_longest_road_owner_player_no,g1_0.dice_rolled,g1_0.game_type,g1_0.gameboard_id,g1_0.longest_road_bonus_active,g1_0.player1,g1_0.`player1-score`,g1_0.player2,g1_0.`player2-score`,g1_0.player3,g1_0.`player3-score`,g1_0.player4,g1_0.`player4-score`,g1_0.turn from game g1_0 where g1_0.gameid=?
51
Hibernate: select g1_0.gameid,g1_0.current_dice1,g1_0.current_dice2,g1_0.current_longest_road_length,g1_0.current_longest_road_owner_player_no,g1_0.dice_rolled,g1_0.game_type,g1_0.gameboard_id,g1_0.longest_road_bonus_active,g1_0.player1,g1_0.`player1-score`,g1_0.player2,g1_0.`player2-score`,g1_0.player3,g1_0.`player3-score`,g1_0.player4,g1_0.`player4-score`,g1_0.turn from game g1_0 where g1_0.gameid=?
Hibernate: select g1_0.gameid from game g1_0 where g1_0.gameid=? limit ?
Hibernate: select g1_0.gameid,g1_0.current_dice1,g1_0.current_dice2,g1_0.current_longest_road_length,g1_0.current_longest_road_owner_player_no,g1_0.dice_rolled,g1_0.game_type,g1_0.gameboard_id,g1_0.longest_road_bonus_active,g1_0.player1,g1_0.`player1-score`,g1_0.player2,g1_0.`player2-score`,g1_0.player3,g1_0.`player3-score`,g1_0.player4,g1_0.`player4-score`,g1_0.turn from game g1_0 where g1_0.gameid=?
Hibernate: delete from card where cardid=?
Hibernate: delete from card where cardid=?
Hibernate: delete from card where cardid=?
Hibernate: delete from card where cardid=?
Hibernate: delete from card where cardid=?
Hibernate: delete from player_card_deck where deckid=?
Hibernate: delete from card where cardid=?
Hibernate: delete from card where cardid=?
Hibernate: delete from card where cardid=?
Hibernate: delete from card where cardid=?
Hibernate: delete from card where cardid=?
Hibernate: delete from player_card_deck where deckid=?
Hibernate: delete from card where cardid=?
Hibernate: delete from card where cardid=?
Hibernate: delete from card where cardid=?
Hibernate: delete from card where cardid=?
Hibernate: delete from card where cardid=?
Hibernate: delete from player_card_deck where deckid=?
Hibernate: delete from card where cardid=?
Hibernate: delete from card where cardid=?
Hibernate: delete from card where cardid=?
Hibernate: delete from card where cardid=?
Hibernate: delete from card where cardid=?
Hibernate: delete from player_card_deck where deckid=?
Hibernate: delete from game where gameid=?
Hibernate: delete from road where roadid=?
Hibernate: delete from settlement where settlementid=?
Hibernate: delete from road where roadid=?
Hibernate: delete from settlement where settlementid=?
Hibernate: delete from road where roadid=?
Hibernate: delete from settlement where settlementid=?
Hibernate: delete from road where roadid=?
Hibernate: delete from settlement where settlementid=?
Hibernate: delete from tile where tileid=?
Hibernate: delete from tile where tileid=?
Hibernate: delete from tile where tileid=?
Hibernate: delete from tile where tileid=?
Hibernate: delete from tile where tileid=?
Hibernate: delete from tile where tileid=?
Hibernate: delete from tile where tileid=?
Hibernate: delete from tile where tileid=?
Hibernate: delete from tile where tileid=?
Hibernate: delete from tile where tileid=?
Hibernate: delete from tile where tileid=?
Hibernate: delete from tile where tileid=?
Hibernate: delete from tile where tileid=?
Hibernate: delete from tile where tileid=?
Hibernate: delete from tile where tileid=?
Hibernate: delete from tile where tileid=?
Hibernate: delete from tile where tileid=?
Hibernate: delete from tile where tileid=?
Hibernate: delete from tile where tileid=?
Hibernate: delete from gameboard where id=?
Hibernate: select g1_0.gameid from game g1_0 where g1_0.gameid=? limit ?
Hibernate: select g1_0.gameid,g1_0.current_dice1,g1_0.current_dice2,g1_0.current_longest_road_length,g1_0.current_longest_road_owner_player_no,g1_0.dice_rolled,g1_0.game_type,g1_0.gameboard_id,g1_0.longest_road_bonus_active,g1_0.player1,g1_0.`player1-score`,g1_0.player2,g1_0.`player2-score`,g1_0.player3,g1_0.`player3-score`,g1_0.player4,g1_0.`player4-score`,g1_0.turn from game g1_0 where g1_0.gameid=?
Hibernate: select p1_0.playerid,p1_0.email,p1_0.password,p1_0.reset_key,p1_0.session_key,p1_0.username from player p1_0 where p1_0.username=?
Hibernate: delete from player where playerid=?
]]></system-out>
  </testcase>
</testsuite>