<?xml version="1.0" encoding="UTF-8"?>
<testsuite xmlns:xsi="http://www.w3.org/2001/XMLSchema-instance" xsi:noNamespaceSchemaLocation="https://maven.apache.org/surefire/maven-surefire-plugin/xsd/surefire-test-report-3.0.xsd" version="3.0" name="CENG453.group18.service.PlayerServiceTest" time="3.931" tests="7" errors="0" skipped="0" failures="0">
  <properties>
[...]
</properties>
  <testcase name="testRegisterNewPlayer" classname="CENG453.group18.service.PlayerServiceTest" time="0.041">
    <system-out><![CDATA[2023-11-12T18:20:13.957+03:00  INFO 11116 --- [           main] t.c.s.AnnotationConfigContextLoaderUtils : Could not detect default configuration classes for test class [CENG453.group18.service.PlayerServiceTest]: PlayerServiceTest does not declare any static, non-private, non-final, nested classes annotated with @Configuration.
2023-11-12T18:20:13.965+03:00  INFO 11116 --- [           main] .b.t.c.SpringBootTestContextBootstrapper : Found @SpringBootConfiguration CENG453.group18.AppApplication for test class CENG453.group18.service.PlayerServiceTest

  .   ____          _            __ _ _
 /\\ / ___'_ __ _ _(_)_ __  __ _ \ \ \ \
( ( )\___ | '_ | '_| | '_ \/ _` | \ \ \ \
 \\/  ___)| |_)| | | | | || (_| |  ) ) ) )
  '  |____| .__|_| |_|_| |_\__, | / / / /
 =========|_|==============|___/=/_/_/_/
 :: Spring Boot ::                (v3.1.5)

2023-11-12T18:20:13.980+03:00  INFO 11116 --- [           main] C.group18.service.PlayerServiceTest      : Starting PlayerServiceTest using Java 20.0.2 with PID 11116 (started by msi in C:\Users\msi\Desktop\New2\CENG453_20231_Group18_backend)
2023-11-12T18:20:13.980+03:00  INFO 11116 --- [           main] C.group18.service.PlayerServiceTest      : No active profile set, falling back to 1 default profile: "default"
2023-11-12T18:20:14.146+03:00  INFO 11116 --- [           main] .s.d.r.c.RepositoryConfigurationDelegate : Bootstrapping Spring Data JPA repositories in DEFAULT mode.
2023-11-12T18:20:14.156+03:00  INFO 11116 --- [           main] .s.d.r.c.RepositoryConfigurationDelegate : Finished Spring Data repository scanning in 9 ms. Found 2 JPA repository interfaces.
2023-11-12T18:20:14.207+03:00  INFO 11116 --- [           main] o.hibernate.jpa.internal.util.LogHelper  : HHH000204: Processing PersistenceUnitInfo [name: default]
2023-11-12T18:20:14.215+03:00  INFO 11116 --- [           main] o.s.o.j.p.SpringPersistenceUnitInfo      : No LoadTimeWeaver setup: ignoring JPA class transformer
2023-11-12T18:20:14.215+03:00  INFO 11116 --- [           main] com.zaxxer.hikari.HikariDataSource       : HikariPool-3 - Starting...
2023-11-12T18:20:14.233+03:00  INFO 11116 --- [           main] com.zaxxer.hikari.pool.HikariPool        : HikariPool-3 - Added connection org.mariadb.jdbc.Connection@77e2a5d3
2023-11-12T18:20:14.233+03:00  INFO 11116 --- [           main] com.zaxxer.hikari.HikariDataSource       : HikariPool-3 - Start completed.
2023-11-12T18:20:14.239+03:00  WARN 11116 --- [           main] org.hibernate.orm.deprecation            : HHH90000025: MariaDBDialect does not need to be specified explicitly using 'hibernate.dialect' (remove the property setting and it will be selected by default)
2023-11-12T18:20:14.272+03:00  INFO 11116 --- [           main] o.h.e.t.j.p.i.JtaPlatformInitiator       : HHH000489: No JTA platform available (set 'hibernate.transaction.jta.platform' to enable JTA platform integration)
2023-11-12T18:20:14.348+03:00  INFO 11116 --- [           main] j.LocalContainerEntityManagerFactoryBean : Initialized JPA EntityManagerFactory for persistence unit 'default'
2023-11-12T18:20:14.490+03:00  INFO 11116 --- [           main] C.group18.service.PlayerServiceTest      : Started PlayerServiceTest in 0.523 seconds (process running for 6.628)
]]></system-out>
  </testcase>
  <testcase name="testSetResetKeyBySendingEmailToRegisteredEmailAddress" classname="CENG453.group18.service.PlayerServiceTest" time="1.705">
    <system-out><![CDATA[2023-11-12T18:20:14.544+03:00  INFO 11116 --- [           main] CENG453.group18.service.PlayerService    : sendEmail called with email: oguzhan@metu.edu.tr
2023-11-12T18:20:16.233+03:00  INFO 11116 --- [           main] CENG453.group18.service.PlayerService    : Email sent to oguzhan@metu.edu.tr
]]></system-out>
  </testcase>
  <testcase name="testSendingEmailToNotRegisteredEmailAddress" classname="CENG453.group18.service.PlayerServiceTest" time="0.019">
    <system-out><![CDATA[2023-11-12T18:20:16.246+03:00  INFO 11116 --- [           main] CENG453.group18.service.PlayerService    : sendEmail called with email: oguz@metu.edu.tr
2023-11-12T18:20:16.250+03:00  WARN 11116 --- [           main] CENG453.group18.service.PlayerService    : Player not found for email oguz@metu.edu.tr
]]></system-out>
  </testcase>
  <testcase name="testLoginWithCorrectCredentialsAndSetSessionKey" classname="CENG453.group18.service.PlayerServiceTest" time="0.025"/>
  <testcase name="testLoginWithWrongCredentials" classname="CENG453.group18.service.PlayerServiceTest" time="0.022"/>
  <testcase name="testChangePassword" classname="CENG453.group18.service.PlayerServiceTest" time="1.554">
    <system-out><![CDATA[2023-11-12T18:20:16.314+03:00  INFO 11116 --- [           main] CENG453.group18.service.PlayerService    : sendEmail called with email: oguzhan@metu.edu.tr
2023-11-12T18:20:17.825+03:00  INFO 11116 --- [           main] CENG453.group18.service.PlayerService    : Email sent to oguzhan@metu.edu.tr
]]></system-out>
  </testcase>
  <testcase name="testRegisterAlreadyExistingCredentials" classname="CENG453.group18.service.PlayerServiceTest" time="0.022"/>
</testsuite>